2021-01-17T17:44:22.666674+09:00 0 [Warning] [MY-011070] [Server] 'Disabling symbolic links using --skip-symbolic-links (or equivalent) is the default. Consider not using this option as it' is deprecated and will be removed in a future release.
2021-01-17T17:44:22.666934+09:00 0 [System] [MY-013169] [Server] /usr/sbin/mysqld (mysqld 8.0.20) initializing of server in progress as process 45
2021-01-17T17:44:22.685352+09:00 1 [System] [MY-013576] [InnoDB] InnoDB initialization has started.
2021-01-17T17:44:23.577457+09:00 1 [System] [MY-013577] [InnoDB] InnoDB initialization has ended.
2021-01-17T17:44:25.178793+09:00 6 [Warning] [MY-010453] [Server] root@localhost is created with an empty password ! Please consider switching off the --initialize-insecure option.
2021-01-17T17:44:35.958491+09:00 0 [Warning] [MY-011070] [Server] 'Disabling symbolic links using --skip-symbolic-links (or equivalent) is the default. Consider not using this option as it' is deprecated and will be removed in a future release.
2021-01-17T17:44:35.958679+09:00 0 [System] [MY-010116] [Server] /usr/sbin/mysqld (mysqld 8.0.20) starting as process 92
2021-01-17T17:44:35.978797+09:00 1 [System] [MY-013576] [InnoDB] InnoDB initialization has started.
2021-01-17T17:44:36.192913+09:00 1 [System] [MY-013577] [InnoDB] InnoDB initialization has ended.
2021-01-17T17:44:36.294867+09:00 0 [System] [MY-011323] [Server] X Plugin ready for connections. Socket: '/var/run/mysqld/mysqlx.sock'
2021-01-17T17:44:36.420905+09:00 0 [Warning] [MY-010068] [Server] CA certificate ca.pem is self signed.
2021-01-17T17:44:36.424042+09:00 0 [Warning] [MY-011810] [Server] Insecure configuration for --pid-file: Location '/var/run/mysqld' in the path is accessible to all OS users. Consider choosing a different directory.
2021-01-17T17:44:36.457701+09:00 0 [System] [MY-010931] [Server] /usr/sbin/mysqld: ready for connections. Version: '8.0.20'  socket: '/var/run/mysqld/mysqld.sock'  port: 0  MySQL Community Server - GPL.
2021-01-17T17:44:46.412264+09:00 14 [System] [MY-013172] [Server] Received SHUTDOWN from user root. Shutting down mysqld (Version: 8.0.20).
2021-01-17T17:44:48.832681+09:00 0 [System] [MY-010910] [Server] /usr/sbin/mysqld: Shutdown complete (mysqld 8.0.20)  MySQL Community Server - GPL.
2021-01-17T17:44:49.645850+09:00 0 [Warning] [MY-011070] [Server] 'Disabling symbolic links using --skip-symbolic-links (or equivalent) is the default. Consider not using this option as it' is deprecated and will be removed in a future release.
2021-01-17T17:44:49.646011+09:00 0 [System] [MY-010116] [Server] /usr/sbin/mysqld (mysqld 8.0.20) starting as process 1
2021-01-17T17:44:49.658764+09:00 1 [System] [MY-013576] [InnoDB] InnoDB initialization has started.
2021-01-17T17:44:49.841648+09:00 1 [System] [MY-013577] [InnoDB] InnoDB initialization has ended.
2021-01-17T17:44:49.944816+09:00 0 [System] [MY-011323] [Server] X Plugin ready for connections. Socket: '/var/run/mysqld/mysqlx.sock' bind-address: '::' port: 33060
2021-01-17T17:44:50.077711+09:00 0 [Warning] [MY-010068] [Server] CA certificate ca.pem is self signed.
2021-01-17T17:44:50.081756+09:00 0 [Warning] [MY-011810] [Server] Insecure configuration for --pid-file: Location '/var/run/mysqld' in the path is accessible to all OS users. Consider choosing a different directory.
2021-01-17T17:44:50.109621+09:00 0 [System] [MY-010931] [Server] /usr/sbin/mysqld: ready for connections. Version: '8.0.20'  socket: '/var/run/mysqld/mysqld.sock'  port: 3306  MySQL Community Server - GPL.
2021-01-17T17:53:29.136054+09:00 0 [System] [MY-010910] [Server] /usr/sbin/mysqld: Shutdown complete (mysqld 8.0.20)  MySQL Community Server - GPL.
2021-01-17T17:53:36.342801+09:00 0 [Warning] [MY-011070] [Server] 'Disabling symbolic links using --skip-symbolic-links (or equivalent) is the default. Consider not using this option as it' is deprecated and will be removed in a future release.
2021-01-17T17:53:36.343032+09:00 0 [System] [MY-010116] [Server] /usr/sbin/mysqld (mysqld 8.0.20) starting as process 1
2021-01-17T17:53:36.360989+09:00 1 [System] [MY-013576] [InnoDB] InnoDB initialization has started.
2021-01-17T17:53:36.555131+09:00 1 [System] [MY-013577] [InnoDB] InnoDB initialization has ended.
2021-01-17T17:53:36.658081+09:00 0 [System] [MY-011323] [Server] X Plugin ready for connections. Socket: '/var/run/mysqld/mysqlx.sock' bind-address: '::' port: 33060
2021-01-17T17:53:36.720611+09:00 0 [Warning] [MY-010068] [Server] CA certificate ca.pem is self signed.
2021-01-17T17:53:36.724363+09:00 0 [Warning] [MY-011810] [Server] Insecure configuration for --pid-file: Location '/var/run/mysqld' in the path is accessible to all OS users. Consider choosing a different directory.
2021-01-17T17:53:36.747697+09:00 0 [System] [MY-010931] [Server] /usr/sbin/mysqld: ready for connections. Version: '8.0.20'  socket: '/var/run/mysqld/mysqld.sock'  port: 3306  MySQL Community Server - GPL.
